C51 COMPILER V9.51   MAIN                                                                  05/26/2014 15:38:03 PAGE 1   


C51 COMPILER V9.51, COMPILATION OF MODULE MAIN
OBJECT MODULE PLACED IN main.OBJ
COMPILER INVOKED BY: C:\Keil\C51\BIN\C51.EXE main.c ROM(COMPACT) BROWSE DEBUG OBJECTEXTEND TABS(2)

line level    source

   1          #include"reg52.h"
   2          #include "uart.c"
   3          #include "tc35.c"
   4          
   5          //#define RsBuf_N     50
   6          
   7          //char RsBuf[RsBuf_N];  //定义串口接收数据缓冲区
   8          //uchar RsPoint=0;
   9          
  10          
  11          sbit huang=P2^6;
  12          sbit hong=P2^5;
  13          sbit lv=P2^4;
  14          sbit buzz=P2^2;
  15          sbit jk=P2^1;
  16          
  17          uchar code PhoneNO[]= "18845146761";
  18          uchar code Text1[]= "Harmfulgases";
  19          
  20          uchar code center[]="+8613800791500";
  21          
  22          void main()
  23          {
  24   1        Uart_init();
  25   1        while(1)
  26   1        {
  27   2        
  28   2          SendString("ATD18845146761\r\n"); 
  29   2          
  30   2          
  31   2          delayms_1000ms();
  32   2          delayms_1000ms();
  33   2          delayms_1000ms();
  34   2          delayms_1000ms();
  35   2          delayms_1000ms();
  36   2          
  37   2          SendString("ATH\r\n");
  38   2          
  39   2              
  40   2          delayms_1000ms();
  41   2          delayms_1000ms();
  42   2          delayms_1000ms();
  43   2          delayms_1000ms();
  44   2          delayms_1000ms(); 
  45   2        }
  46   1      
  47   1       }
  48          
  49           
  50           
  51          
  52          
  53           /*问题：
  54             每次处理完数据。RsPoint是怎样清零的？？？？？在 准备发一个数据，然后接受一个数据 之前
  55             RsBuf[RsPoint++]=SBUF;
C51 COMPILER V9.51   MAIN                                                                  05/26/2014 15:38:03 PAGE 2   

  56              RsBuf[RsPoint]=0x00;   //将下一个数据清零
  57          
  58              如果这个发送没问题。加删除，接收函数，参考桌面上的tc35.c
  59          
  60              添加液晶菜单的支持  ，类似手机
  61          */
  62           


MODULE INFORMATION:   STATIC OVERLAYABLE
   CODE SIZE        =    601    ----
   CONSTANT SIZE    =    113    ----
   XDATA SIZE       =   ----    ----
   PDATA SIZE       =   ----    ----
   DATA SIZE        =     51      33
   IDATA SIZE       =   ----    ----
   BIT SIZE         =   ----    ----
END OF MODULE INFORMATION.


C51 COMPILATION COMPLETE.  0 WARNING(S),  0 ERROR(S)
